TN:
SF:js/page-behaviour.ts
FN:48,createRegister
FN:99,populateRegisterList
FN:119,(anonymous_2)
FNF:3
FNH:1
FNDA:0,createRegister
FNDA:1,populateRegisterList
FNDA:0,(anonymous_2)
DA:9,1
DA:14,1
DA:15,1
DA:16,1
DA:17,1
DA:18,1
DA:22,1
DA:23,1
DA:26,1
DA:29,1
DA:34,1
DA:37,1
DA:40,1
DA:43,1
DA:56,0
DA:57,0
DA:60,0
DA:61,0
DA:68,0
DA:69,0
DA:72,0
DA:73,0
DA:74,0
DA:77,0
DA:79,0
DA:80,0
DA:81,0
DA:83,0
DA:84,0
DA:87,0
DA:88,0
DA:92,0
DA:93,0
DA:94,0
DA:96,0
DA:111,1
DA:112,0
DA:113,0
DA:119,1
DA:120,0
DA:121,0
DA:122,0
DA:124,0
DA:129,1
DA:131,1
DA:132,1
DA:133,0
DA:135,1
LF:48
LH:20
BRDA:77,0,0,0
BRDA:77,0,1,0
BRDA:81,1,0,0
BRDA:81,1,1,0
BRDA:121,2,0,0
BRDA:121,2,1,0
BRF:6
BRH:0
end_of_record
TN:
SF:js/utils.ts
FN:76,(anonymous_0)
FN:87,(anonymous_1)
FN:93,(anonymous_2)
FN:142,(anonymous_3)
FN:266,(anonymous_4)
FN:270,binaryToHex
FN:284,binaryToOctal
FN:300,decimalToTwosComplement
FN:329,(anonymous_8)
FN:345,twosComplementToDecimal
FN:362,(anonymous_10)
FN:371,binaryAdd
FN:413,setRegisterBase
FN:417,updateRegisterDisplays
FN:418,(anonymous_14)
FN:431,setRegister
FN:451,addi
FN:470,slti
FN:486,sltiu
FN:497,andi
FN:501,ori
FN:505,xori
FN:509,slli
FN:513,srli
FN:518,srai
FN:523,lui
FN:528,auipc
FN:533,add
FN:538,sub
FN:543,slt
FN:547,sltu
FN:552,sll
FN:557,srl
FNF:33
FNH:15
FNDA:1,(anonymous_0)
FNDA:1,(anonymous_1)
FNDA:1,(anonymous_2)
FNDA:33,(anonymous_3)
FNDA:0,(anonymous_4)
FNDA:2,binaryToHex
FNDA:2,binaryToOctal
FNDA:5,decimalToTwosComplement
FNDA:40,(anonymous_8)
FNDA:2,twosComplementToDecimal
FNDA:8,(anonymous_10)
FNDA:5,binaryAdd
FNDA:0,setRegisterBase
FNDA:3,updateRegisterDisplays
FNDA:3,(anonymous_14)
FNDA:3,setRegister
FNDA:3,addi
FNDA:0,slti
FNDA:0,sltiu
FNDA:0,andi
FNDA:0,ori
FNDA:0,xori
FNDA:0,slli
FNDA:0,srli
FNDA:0,srai
FNDA:0,lui
FNDA:0,auipc
FNDA:0,add
FNDA:0,sub
FNDA:0,slt
FNDA:0,sltu
FNDA:0,sll
FNDA:0,srl
DA:11,1
DA:16,1
DA:17,1
DA:18,1
DA:19,1
DA:20,1
DA:21,1
DA:22,1
DA:23,1
DA:24,1
DA:25,1
DA:26,1
DA:27,1
DA:28,1
DA:31,1
DA:32,1
DA:33,1
DA:34,1
DA:35,1
DA:36,1
DA:37,1
DA:38,1
DA:39,1
DA:40,1
DA:41,1
DA:42,1
DA:43,1
DA:44,1
DA:45,1
DA:46,1
DA:47,1
DA:48,1
DA:49,1
DA:50,1
DA:51,1
DA:52,1
DA:53,1
DA:54,1
DA:55,1
DA:58,1
DA:70,1
DA:76,1
DA:77,1
DA:78,1
DA:79,1
DA:80,1
DA:84,1
DA:87,1
DA:88,1
DA:89,1
DA:93,1
DA:94,1
DA:95,1
DA:110,1
DA:117,1
DA:123,1
DA:130,1
DA:131,1
DA:135,1
DA:141,1
DA:142,33
DA:150,1
DA:202,1
DA:236,1
DA:249,1
DA:255,1
DA:265,1
DA:277,2
DA:278,2
DA:279,3
DA:281,2
DA:291,2
DA:292,2
DA:293,2
DA:294,3
DA:295,3
DA:297,2
DA:319,5
DA:320,3
DA:324,2
DA:325,2
DA:328,2
DA:329,40
DA:332,2
DA:333,2
DA:334,0
DA:336,2
DA:337,2
DA:342,2
DA:360,2
DA:362,8
DA:363,1
DA:364,1
DA:367,1
DA:385,5
DA:386,5
DA:389,5
DA:390,5
DA:391,5
DA:394,5
DA:396,103
DA:397,103
DA:402,103
DA:403,103
DA:408,103
DA:410,5
DA:414,0
DA:418,3
DA:419,3
DA:420,3
DA:421,0
DA:422,0
DA:423,0
DA:424,0
DA:426,0
DA:441,3
DA:442,3
DA:445,3
DA:447,3
DA:448,0
DA:465,3
DA:466,3
DA:467,3
DA:481,0
DA:482,0
DA:483,0
DA:487,0
DA:488,0
DA:498,0
DA:499,0
DA:502,0
DA:503,0
DA:506,0
DA:507,0
DA:510,0
DA:511,0
DA:514,0
DA:515,0
DA:519,0
DA:520,0
DA:524,0
DA:525,0
DA:529,0
DA:530,0
DA:534,0
DA:535,0
DA:539,0
DA:540,0
DA:544,0
DA:545,0
DA:548,0
DA:549,0
DA:553,0
DA:554,0
DA:558,0
DA:559,0
LF:156
LH:115
BRDA:76,0,0,1
BRDA:76,0,1,1
BRDA:87,1,0,1
BRDA:87,1,1,1
BRDA:93,2,0,1
BRDA:93,2,1,1
BRDA:319,3,0,3
BRDA:329,4,0,36
BRDA:329,4,1,4
BRDA:333,5,0,0
BRDA:333,5,1,2
BRDA:360,6,0,1
BRDA:360,6,1,1
BRDA:362,7,0,1
BRDA:362,7,1,7
BRDA:403,8,0,100
BRDA:403,8,1,3
BRDA:408,9,0,44
BRDA:408,9,1,59
BRDA:414,10,0,0
BRDA:414,10,1,0
BRDA:419,11,0,3
BRDA:419,11,1,0
BRDA:421,12,0,0
BRDA:421,12,1,0
BRDA:423,13,0,0
BRDA:423,13,1,0
BRDA:442,14,0,1
BRDA:442,14,1,2
BRF:29
BRH:21
end_of_record
